Start testing: Aug 22 20:41 中国标准时间
----------------------------------------------------------
1/1 Testing: test_stl_run
1/1 Test: test_stl_run
Command: "L:/Code/stl/build/test_stl.exe"
Directory: L:/Code/stl/build
"test_stl_run" start time: Aug 22 20:41 中国标准时间
Output:
----------------------------------------------------------
Vector测试程序！
------------------------------------
Vector指针位置：000000c872dff7a8
Vector->data指针位置：000000c8729a1290
当前大小：0
------开始五次插入学生------------------
------------------
这是Jason，38岁。
尾插入---------------
------------------
这是Marry，18岁。
内插--------------
------------------
这是Tom，28岁。
内插--------------
------------------
这是Tomy，48岁。
尾插入---------------
------------------
这是Lucy，8岁。
内插--------------
------结束五次插入学生------------------
这是Lucy，8岁。
------------------------------------
这是Vector地址：000000c8729a1260
这是下标0位置数据地址000000c8729a12f0
Vector数据指针位置：000000c8729a12f0，数据名字指针位置：00007ff61a959315。
Vector数据指针位置：000000c8729a12f0，数据名字：Lucy。
Vector数据指针位置：000000c8729a12f0
当前大小：5
------------------------------------
-------开始打印学生列表-------
这是Lucy，8岁。
这是Marry，18岁。
这是Tom，28岁。
这是Jason，38岁。
这是Tomy，48岁。
-------打印学生列表结束-------
------------------------------------
当前大小：5
------------------------------------
擦除一个学生成功
这是Tom，28岁。
------------------------------------
查找Tom位置在1
------------------------------------
Vector已清理！
当前大小：0
------------------------------------
-------开始打印学生列表-------
这是Jason，38岁。
-------打印学生列表结束-------
------------------------------------
不为空
Vector数据指针位置：000000c8729a12b0
------------------------------------
<end of output>
Test time =   0.01 sec
----------------------------------------------------------
Test Passed.
"test_stl_run" end time: Aug 22 20:41 中国标准时间
"test_stl_run" time elapsed: 00:00:00
----------------------------------------------------------

End testing: Aug 22 20:41 中国标准时间
