<?xml version="1.0" encoding="UTF-8"?>
<Site BuildName="(empty)"
	BuildStamp="20240822-1227-Experimental"
	Name="(empty)"
	Generator="ctest-3.30.0"
	CompilerName=""
	CompilerVersion=""
	OSName="Windows"
	Hostname="Monster"
	OSRelease=" Professional"
	OSVersion=" (Build 27686)"
	OSPlatform="AMD64"
	Is64Bits="1"
	VendorString="GenuineIntel"
	VendorID="Intel Corporation"
	FamilyID="6"
	ModelID="14"
	ProcessorCacheSize="-1"
	NumberOfLogicalCPU="12"
	NumberOfPhysicalCPU="6"
	TotalVirtualMemory="32634"
	TotalPhysicalMemory="32634"
	LogicalProcessorsPerPhysical="2"
	ProcessorClockFrequency="3695"
	>
	<Testing>
		<StartDateTime>Aug 22 20:41 [NON-UTF-8-BYTE-0xD6]й[NON-UTF-8-BYTE-0xFA][NON-UTF-8-BYTE-0xB1][NON-UTF-8-BYTE-0xEA]׼ʱ[NON-UTF-8-BYTE-0xBC][NON-UTF-8-BYTE-0xE4]</StartDateTime>
		<StartTestTime>1724330467</StartTestTime>
		<TestList>
			<Test>./test_stl_run</Test>
		</TestList>
		<Test Status="passed">
			<Name>test_stl_run</Name>
			<Path>.</Path>
			<FullName>./test_stl_run</FullName>
			<FullCommandLine>L:\Code\stl\build\test_stl.exe</FullCommandLine>
			<Results>
				<NamedMeasurement type="numeric/double" name="Execution Time">
					<Value>0.0086178</Value>
				</NamedMeasurement>
				<NamedMeasurement type="numeric/double" name="Processors">
					<Value>1</Value>
				</NamedMeasurement>
				<NamedMeasurement type="text/string" name="Completion Status">
					<Value>Completed</Value>
				</NamedMeasurement>
				<NamedMeasurement type="text/string" name="Command Line">
					<Value>L:\Code\stl\build\test_stl.exe</Value>
				</NamedMeasurement>
				<NamedMeasurement type="text/string" name="Environment">
					<Value>#CTEST_RESOURCE_GROUP_COUNT=</Value>
				</NamedMeasurement>
				<Measurement>
					<Value encoding="base64" compression="gzip">eJydUr1Kw1AU3vMU9wUMSf+z+ACiW+kiDtfkhhRsU5JU7eOEOwiSwcYWpf6hFapRYkUbRXCw0KXFpS6iCOa2GdqktbFnScj5fk7O+TKI12TFbFuP+7fNPtaphRBFZQYs57DVs4+cOq4xg+JTyYggikmY8gALiwLU4CQYB9kIx1DVcmOv8tHU3ZZnfLZrHdudim12rnr3O9dfE8wnfGq1rcYSVOU8NqKpm66OKdskCiGpK1BRSthgh9TLF7MTjpeWc9iIzMFyzWJzzLlc5F3mDL+TN+tzxgb9WkHIFNLwrNVn58B/zAQzANxdlLsMObb1c/pKcOMokfGSQdrTciEy2CD9+veTM45JimKChVyci7Jxd+z/SeEa+eWQtJFkxsOtx3uS/Fb6DzrZ/Hmz/D5t5cHY+QMVzHQgPJ74qB+5vm+kP4umaWo1LWVVUICKBmQRaBICGlLd96JWKGpgC6pAQTl5EwlAzeZ5BLIaQNs8QoI6BEsKUiV5QyBslonEwHrJFaDXqF9gysNN====</Value>
				</Measurement>
			</Results>
		</Test>
		<EndDateTime>Aug 22 20:41 [NON-UTF-8-BYTE-0xD6]й[NON-UTF-8-BYTE-0xFA][NON-UTF-8-BYTE-0xB1][NON-UTF-8-BYTE-0xEA]׼ʱ[NON-UTF-8-BYTE-0xBC][NON-UTF-8-BYTE-0xE4]</EndDateTime>
		<EndTestTime>1724330467</EndTestTime>
		<ElapsedMinutes>0</ElapsedMinutes>
	</Testing>
</Site>
