<?xml version="1.0" encoding="UTF-8"?>
<Site BuildName="(empty)"
	BuildStamp="20250317-1102-Experimental"
	Name="(empty)"
	Generator="ctest-4.0.0-rc4"
	CompilerName=""
	CompilerVersion=""
	OSName="Windows"
	Hostname="Monster"
	OSRelease=" Professional"
	OSVersion=" (Build 27808)"
	OSPlatform="AMD64"
	Is64Bits="1"
	VendorString="GenuineIntel"
	VendorID="Intel Corporation"
	FamilyID="6"
	ModelID="14"
	ModelName=""
	ProcessorCacheSize="-1"
	NumberOfLogicalCPU="12"
	NumberOfPhysicalCPU="6"
	TotalVirtualMemory="32633"
	TotalPhysicalMemory="32633"
	LogicalProcessorsPerPhysical="2"
	ProcessorClockFrequency="3695"
	>
	<Testing>
		<StartDateTime>Mar 17 19:45 中国标准时间</StartDateTime>
		<StartTestTime>1742211955</StartTestTime>
		<TestList/>
		<EndDateTime>Mar 17 19:45 中国标准时间</EndDateTime>
		<EndTestTime>1742211955</EndTestTime>
		<ElapsedMinutes>0</ElapsedMinutes>
	</Testing>
</Site>
